2022/05/13 19:07:58 | Loggato utente: Utente{nickName=t, password=t, id=5186833c-a5bf-47cd-9a2f-c0f0a0039571, partite=[]}
2022/05/13 19:09:08 | Loggato utente: Utente{nickName=y, password=y, id=506e8438-ba1f-46f3-9a64-b6808685b946, partite=[]}
2022/05/13 19:13:42 | Loggato utente: Utente{nickName=y, password=y, id=506e8438-ba1f-46f3-9a64-b6808685b946, partite=[]}
2022/05/13 19:14:05 | Loggato utente: Utente{nickName=t, password=t, id=5186833c-a5bf-47cd-9a2f-c0f0a0039571, partite=[]}
2022/05/13 19:15:48 | Loggato utente: Utente{nickName=y, password=y, id=506e8438-ba1f-46f3-9a64-b6808685b946, partite=[]}
2022/05/13 19:17:05 | Loggato utente: Utente{nickName=y, password=y, id=506e8438-ba1f-46f3-9a64-b6808685b946, partite=[]}
2022/05/13 19:17:08 | cambio password utente: Utente{nickName=y, password=y, id=506e8438-ba1f-46f3-9a64-b6808685b946, partite=[]}
2022/05/13 19:17:08 | cambio password utente: Utente{nickName=y, password=y, id=506e8438-ba1f-46f3-9a64-b6808685b946, partite=[]}
2022/05/13 19:17:08 | cambio password utente: Utente{nickName=y, password=y, id=506e8438-ba1f-46f3-9a64-b6808685b946, partite=[]}
2022/05/13 19:17:08 | cambio password utente: Utente{nickName=y, password=y, id=506e8438-ba1f-46f3-9a64-b6808685b946, partite=[]}
2022/05/13 19:17:08 | cambio password utente: Utente{nickName=y, password=y, id=506e8438-ba1f-46f3-9a64-b6808685b946, partite=[]}
2022/05/13 19:17:08 | cambio password utente: Utente{nickName=y, password=y, id=506e8438-ba1f-46f3-9a64-b6808685b946, partite=[]}
2022/05/13 19:17:08 | cambio password utente: Utente{nickName=y, password=y, id=506e8438-ba1f-46f3-9a64-b6808685b946, partite=[]}
2022/05/13 19:17:08 | cambio password utente: Utente{nickName=y, password=y, id=506e8438-ba1f-46f3-9a64-b6808685b946, partite=[]}
2022/05/13 19:17:08 | cambio password utente: Utente{nickName=y, password=y, id=506e8438-ba1f-46f3-9a64-b6808685b946, partite=[]}
2022/05/13 19:17:08 | cambio password utente: Utente{nickName=y, password=y, id=506e8438-ba1f-46f3-9a64-b6808685b946, partite=[]}
2022/05/13 19:17:08 | cambio password utente: Utente{nickName=y, password=y, id=506e8438-ba1f-46f3-9a64-b6808685b946, partite=[]}
2022/05/13 19:17:08 | cambio password utente: Utente{nickName=y, password=y, id=506e8438-ba1f-46f3-9a64-b6808685b946, partite=[]}
2022/05/13 19:17:08 | cambio password utente: Utente{nickName=y, password=y, id=506e8438-ba1f-46f3-9a64-b6808685b946, partite=[]}
2022/05/13 19:17:08 | cambio password utente: Utente{nickName=y, password=y, id=506e8438-ba1f-46f3-9a64-b6808685b946, partite=[]}
2022/05/13 19:17:08 | cambio password utente: Utente{nickName=y, password=y, id=506e8438-ba1f-46f3-9a64-b6808685b946, partite=[]}
2022/05/13 19:17:08 | cambio password utente: Utente{nickName=y, password=y, id=506e8438-ba1f-46f3-9a64-b6808685b946, partite=[]}
2022/05/13 19:17:08 | cambio password utente: Utente{nickName=y, password=y, id=506e8438-ba1f-46f3-9a64-b6808685b946, partite=[]}
2022/05/13 19:17:08 | cambio password utente: Utente{nickName=y, password=y, id=506e8438-ba1f-46f3-9a64-b6808685b946, partite=[]}
2022/05/13 19:17:08 | cambio password utente: Utente{nickName=y, password=y, id=506e8438-ba1f-46f3-9a64-b6808685b946, partite=[]}
2022/05/13 19:17:08 | cambio password utente: Utente{nickName=y, password=y, id=506e8438-ba1f-46f3-9a64-b6808685b946, partite=[]}
2022/05/13 19:17:08 | cambio password utente: Utente{nickName=y, password=y, id=506e8438-ba1f-46f3-9a64-b6808685b946, partite=[]}
2022/05/13 19:17:08 | cambio password utente: Utente{nickName=y, password=y, id=506e8438-ba1f-46f3-9a64-b6808685b946, partite=[]}
2022/05/13 19:17:08 | cambio password utente: Utente{nickName=y, password=y, id=506e8438-ba1f-46f3-9a64-b6808685b946, partite=[]}
2022/05/13 19:17:08 | cambio password utente: Utente{nickName=y, password=y, id=506e8438-ba1f-46f3-9a64-b6808685b946, partite=[]}
2022/05/13 19:17:08 | cambio password utente: Utente{nickName=y, password=y, id=506e8438-ba1f-46f3-9a64-b6808685b946, partite=[]}
2022/05/13 19:17:08 | cambio password utente: Utente{nickName=y, password=y, id=506e8438-ba1f-46f3-9a64-b6808685b946, partite=[]}
2022/05/13 19:17:08 | cambio password utente: Utente{nickName=y, password=y, id=506e8438-ba1f-46f3-9a64-b6808685b946, partite=[]}
2022/05/13 19:17:08 | cambio password utente: Utente{nickName=y, password=y, id=506e8438-ba1f-46f3-9a64-b6808685b946, partite=[]}
2022/05/13 19:17:08 | cambio password utente: Utente{nickName=y, password=y, id=506e8438-ba1f-46f3-9a64-b6808685b946, partite=[]}
2022/05/13 19:17:08 | cambio password utente: Utente{nickName=y, password=y, id=506e8438-ba1f-46f3-9a64-b6808685b946, partite=[]}
2022/05/13 19:17:08 | cambio password utente: Utente{nickName=y, password=y, id=506e8438-ba1f-46f3-9a64-b6808685b946, partite=[]}
2022/05/13 19:17:08 | cambio password utente: Utente{nickName=y, password=y, id=506e8438-ba1f-46f3-9a64-b6808685b946, partite=[]}
2022/05/13 19:17:23 | Loggato utente: Utente{nickName=y, password=y, id=506e8438-ba1f-46f3-9a64-b6808685b946, partite=[]}
2022/05/13 19:17:35 | Loggato utente: Utente{nickName=y, password=y, id=506e8438-ba1f-46f3-9a64-b6808685b946, partite=[]}
2022/05/13 19:17:53 | Loggato utente: Utente{nickName=y, password=y, id=506e8438-ba1f-46f3-9a64-b6808685b946, partite=[]}
2022/05/13 19:21:47 | Aggiunto un nuovo utente Utente{nickName=cc, password=cc, id=218a47d9-4ea8-4401-bffc-71e5dc2e19e6, partite=[]}
2022/05/13 19:21:51 | Loggato utente: Utente{nickName=cc, password=cc, id=218a47d9-4ea8-4401-bffc-71e5dc2e19e6, partite=[]}
2022/05/13 19:21:58 | cambio password utente: Utente{nickName=cc, password=cc, id=218a47d9-4ea8-4401-bffc-71e5dc2e19e6, partite=[]}
2022/05/13 19:21:58 | cambio password utente: Utente{nickName=cc, password=cc, id=218a47d9-4ea8-4401-bffc-71e5dc2e19e6, partite=[]}
2022/05/13 19:21:58 | cambio password utente: Utente{nickName=cc, password=cc, id=218a47d9-4ea8-4401-bffc-71e5dc2e19e6, partite=[]}
2022/05/13 19:21:58 | cambio password utente: Utente{nickName=cc, password=cc, id=218a47d9-4ea8-4401-bffc-71e5dc2e19e6, partite=[]}
2022/05/13 19:21:58 | cambio password utente: Utente{nickName=cc, password=cc, id=218a47d9-4ea8-4401-bffc-71e5dc2e19e6, partite=[]}
2022/05/13 19:21:58 | cambio password utente: Utente{nickName=cc, password=cc, id=218a47d9-4ea8-4401-bffc-71e5dc2e19e6, partite=[]}
2022/05/13 19:21:58 | cambio password utente: Utente{nickName=cc, password=cc, id=218a47d9-4ea8-4401-bffc-71e5dc2e19e6, partite=[]}
2022/05/13 19:21:58 | cambio password utente: Utente{nickName=cc, password=cc, id=218a47d9-4ea8-4401-bffc-71e5dc2e19e6, partite=[]}
2022/05/13 19:21:58 | cambio password utente: Utente{nickName=cc, password=cc, id=218a47d9-4ea8-4401-bffc-71e5dc2e19e6, partite=[]}
2022/05/13 19:21:58 | cambio password utente: Utente{nickName=cc, password=cc, id=218a47d9-4ea8-4401-bffc-71e5dc2e19e6, partite=[]}
2022/05/13 19:21:58 | cambio password utente: Utente{nickName=cc, password=cc, id=218a47d9-4ea8-4401-bffc-71e5dc2e19e6, partite=[]}
2022/05/13 19:21:58 | cambio password utente: Utente{nickName=cc, password=cc, id=218a47d9-4ea8-4401-bffc-71e5dc2e19e6, partite=[]}
2022/05/13 19:21:58 | cambio password utente: Utente{nickName=cc, password=cc, id=218a47d9-4ea8-4401-bffc-71e5dc2e19e6, partite=[]}
2022/05/13 19:21:58 | cambio password utente: Utente{nickName=cc, password=cc, id=218a47d9-4ea8-4401-bffc-71e5dc2e19e6, partite=[]}
2022/05/13 19:21:58 | cambio password utente: Utente{nickName=cc, password=cc, id=218a47d9-4ea8-4401-bffc-71e5dc2e19e6, partite=[]}
2022/05/13 19:21:58 | cambio password utente: Utente{nickName=cc, password=cc, id=218a47d9-4ea8-4401-bffc-71e5dc2e19e6, partite=[]}
2022/05/13 19:21:58 | cambio password utente: Utente{nickName=cc, password=cc, id=218a47d9-4ea8-4401-bffc-71e5dc2e19e6, partite=[]}
2022/05/13 19:21:58 | cambio password utente: Utente{nickName=cc, password=cc, id=218a47d9-4ea8-4401-bffc-71e5dc2e19e6, partite=[]}
2022/05/13 19:21:58 | cambio password utente: Utente{nickName=cc, password=cc, id=218a47d9-4ea8-4401-bffc-71e5dc2e19e6, partite=[]}
2022/05/13 19:21:58 | cambio password utente: Utente{nickName=cc, password=cc, id=218a47d9-4ea8-4401-bffc-71e5dc2e19e6, partite=[]}
2022/05/13 19:21:58 | cambio password utente: Utente{nickName=cc, password=cc, id=218a47d9-4ea8-4401-bffc-71e5dc2e19e6, partite=[]}
2022/05/13 19:21:58 | cambio password utente: Utente{nickName=cc, password=cc, id=218a47d9-4ea8-4401-bffc-71e5dc2e19e6, partite=[]}
2022/05/13 19:21:58 | cambio password utente: Utente{nickName=cc, password=cc, id=218a47d9-4ea8-4401-bffc-71e5dc2e19e6, partite=[]}
2022/05/13 19:21:58 | cambio password utente: Utente{nickName=cc, password=cc, id=218a47d9-4ea8-4401-bffc-71e5dc2e19e6, partite=[]}
2022/05/13 19:21:58 | cambio password utente: Utente{nickName=cc, password=cc, id=218a47d9-4ea8-4401-bffc-71e5dc2e19e6, partite=[]}
2022/05/13 19:21:58 | cambio password utente: Utente{nickName=cc, password=cc, id=218a47d9-4ea8-4401-bffc-71e5dc2e19e6, partite=[]}
2022/05/13 19:21:58 | cambio password utente: Utente{nickName=cc, password=cc, id=218a47d9-4ea8-4401-bffc-71e5dc2e19e6, partite=[]}
2022/05/13 19:21:58 | cambio password utente: Utente{nickName=cc, password=cc, id=218a47d9-4ea8-4401-bffc-71e5dc2e19e6, partite=[]}
2022/05/13 19:21:58 | cambio password utente: Utente{nickName=cc, password=cc, id=218a47d9-4ea8-4401-bffc-71e5dc2e19e6, partite=[]}
2022/05/13 19:21:58 | cambio password utente: Utente{nickName=cc, password=cc, id=218a47d9-4ea8-4401-bffc-71e5dc2e19e6, partite=[]}
2022/05/13 19:21:58 | cambio password utente: Utente{nickName=cc, password=cc, id=218a47d9-4ea8-4401-bffc-71e5dc2e19e6, partite=[]}
2022/05/13 19:21:58 | cambio password utente: Utente{nickName=cc, password=cc, id=218a47d9-4ea8-4401-bffc-71e5dc2e19e6, partite=[]}
2022/05/13 19:21:58 | cambio password utente: Utente{nickName=cc, password=cao, id=218a47d9-4ea8-4401-bffc-71e5dc2e19e6, partite=[]}
2022/05/13 19:22:05 | Loggato utente: Utente{nickName=cc, password=cao, id=218a47d9-4ea8-4401-bffc-71e5dc2e19e6, partite=[]}
2022/05/13 19:34:53 | Loggato utente: Utente{nickName=y, password=y, id=506e8438-ba1f-46f3-9a64-b6808685b946, partite=[]}
2022/05/13 19:34:56 | Loggato utente: Utente{nickName=y, password=y, id=506e8438-ba1f-46f3-9a64-b6808685b946, partite=[]}
2022/05/13 19:34:57 | Loggato utente: Utente{nickName=y, password=y, id=506e8438-ba1f-46f3-9a64-b6808685b946, partite=[]}
2022/05/13 19:35:05 | Loggato utente: Utente{nickName=y, password=y, id=506e8438-ba1f-46f3-9a64-b6808685b946, partite=[]}
2022/05/13 19:35:06 | Loggato utente: Utente{nickName=y, password=y, id=506e8438-ba1f-46f3-9a64-b6808685b946, partite=[]}
2022/05/13 19:35:09 | Loggato utente: Utente{nickName=y, password=y, id=506e8438-ba1f-46f3-9a64-b6808685b946, partite=[]}
2022/05/13 19:35:10 | Loggato utente: Utente{nickName=y, password=y, id=506e8438-ba1f-46f3-9a64-b6808685b946, partite=[]}
2022/05/13 19:35:42 | Loggato utente: Utente{nickName=y, password=y, id=506e8438-ba1f-46f3-9a64-b6808685b946, partite=[]}
2022/05/13 19:35:51 | Loggato utente: Utente{nickName=cc, password=cao, id=218a47d9-4ea8-4401-bffc-71e5dc2e19e6, partite=[]}
2022/05/13 19:36:19 | Loggato utente: Utente{nickName=y, password=y, id=506e8438-ba1f-46f3-9a64-b6808685b946, partite=[]}
2022/05/13 19:36:27 | Loggato utente: Utente{nickName=cc, password=cao, id=218a47d9-4ea8-4401-bffc-71e5dc2e19e6, partite=[]}
2022/05/13 19:37:00 | Loggato utente: Utente{nickName=y, password=y, id=506e8438-ba1f-46f3-9a64-b6808685b946, partite=[]}
2022/05/13 19:37:02 | Loggato utente: Utente{nickName=y, password=y, id=506e8438-ba1f-46f3-9a64-b6808685b946, partite=[]}
2022/05/13 19:41:59 | Loggato utente: Utente{nickName=y, password=y, id=506e8438-ba1f-46f3-9a64-b6808685b946, partite=[]}
2022/05/13 19:42:01 | Loggato utente: Utente{nickName=y, password=y, id=506e8438-ba1f-46f3-9a64-b6808685b946, partite=[]}
2022/05/13 19:42:28 | Loggato utente: Utente{nickName=y, password=y, id=506e8438-ba1f-46f3-9a64-b6808685b946, partite=[]}
2022/05/13 19:42:30 | Loggato utente: Utente{nickName=y, password=y, id=506e8438-ba1f-46f3-9a64-b6808685b946, partite=[]}
2022/05/13 19:42:38 | Loggato utente: Utente{nickName=y, password=y, id=506e8438-ba1f-46f3-9a64-b6808685b946, partite=[]}
2022/05/13 19:42:40 | Loggato utente: Utente{nickName=y, password=y, id=506e8438-ba1f-46f3-9a64-b6808685b946, partite=[]}
2022/05/13 19:42:55 | Loggato utente: Utente{nickName=y, password=y, id=506e8438-ba1f-46f3-9a64-b6808685b946, partite=[]}
2022/05/13 19:42:56 | Loggato utente: Utente{nickName=y, password=y, id=506e8438-ba1f-46f3-9a64-b6808685b946, partite=[]}
2022/05/15 19:33:41 | Loggato utente: Utente{nickName=y, password=y, id=506e8438-ba1f-46f3-9a64-b6808685b946, partite=[]}
2022/05/15 19:33:44 | Loggato utente: Utente{nickName=y, password=y, id=506e8438-ba1f-46f3-9a64-b6808685b946, partite=[]}
2022/05/15 19:35:02 | Loggato utente: Utente{nickName=y, password=y, id=506e8438-ba1f-46f3-9a64-b6808685b946, partite=[]}
2022/05/15 19:35:04 | Loggato utente: Utente{nickName=y, password=y, id=506e8438-ba1f-46f3-9a64-b6808685b946, partite=[]}
2022/05/15 19:35:54 | Loggato utente: Utente{nickName=y, password=y, id=506e8438-ba1f-46f3-9a64-b6808685b946, partite=[]}
2022/05/15 19:35:56 | Loggato utente: Utente{nickName=y, password=y, id=506e8438-ba1f-46f3-9a64-b6808685b946, partite=[]}
2022/05/15 22:28:41 | Loggato utente: Utente{nickName=t, password=rt, id=33750717-c7b6-450b-a936-1c93a88c6215, partite=[]}
2022/05/15 22:28:53 | Loggato utente: Utente{nickName=y, password=y, id=506e8438-ba1f-46f3-9a64-b6808685b946, partite=[]}
2022/05/15 22:29:29 | Loggato utente: Utente{nickName=y, password=y, id=506e8438-ba1f-46f3-9a64-b6808685b946, partite=[]}
2022/05/15 22:35:15 | Loggato utente: Utente{nickName=y, password=y, id=506e8438-ba1f-46f3-9a64-b6808685b946, partite=[]}
2022/05/15 22:35:18 | Loggato utente: Utente{nickName=y, password=y, id=506e8438-ba1f-46f3-9a64-b6808685b946, partite=[]}
2022/05/15 22:35:50 | Loggato utente: Utente{nickName=y, password=y, id=506e8438-ba1f-46f3-9a64-b6808685b946, partite=[]}
2022/05/15 22:35:53 | Loggato utente: Utente{nickName=y, password=y, id=506e8438-ba1f-46f3-9a64-b6808685b946, partite=[]}
2022/05/15 22:36:14 | Loggato utente: Utente{nickName=y, password=y, id=506e8438-ba1f-46f3-9a64-b6808685b946, partite=[]}
2022/05/15 22:36:17 | Loggato utente: Utente{nickName=y, password=y, id=506e8438-ba1f-46f3-9a64-b6808685b946, partite=[]}
2022/05/15 22:36:40 | Loggato utente: Utente{nickName=t, password=rt, id=33750717-c7b6-450b-a936-1c93a88c6215, partite=[]}
2022/05/15 22:36:43 | Loggato utente: Utente{nickName=t, password=rt, id=33750717-c7b6-450b-a936-1c93a88c6215, partite=[]}
2022/05/15 22:36:56 | Loggato utente: Utente{nickName=y, password=y, id=506e8438-ba1f-46f3-9a64-b6808685b946, partite=[]}
2022/05/15 22:36:58 | Loggato utente: Utente{nickName=y, password=y, id=506e8438-ba1f-46f3-9a64-b6808685b946, partite=[]}
2022/05/15 22:37:32 | Loggato utente: Utente{nickName=t, password=rt, id=33750717-c7b6-450b-a936-1c93a88c6215, partite=[]}
2022/05/15 22:37:36 | Loggato utente: Utente{nickName=y, password=y, id=506e8438-ba1f-46f3-9a64-b6808685b946, partite=[]}
2022/05/15 22:37:54 | Loggato utente: Utente{nickName=y, password=y, id=506e8438-ba1f-46f3-9a64-b6808685b946, partite=[]}
2022/05/15 22:37:55 | Loggato utente: Utente{nickName=y, password=y, id=506e8438-ba1f-46f3-9a64-b6808685b946, partite=[]}
2022/05/16 23:14:36 | Aggiunto un nuovo utente Utente{nickName=y, password=y, id=1fc73cc6-6bf2-4934-b4a5-45b2409371e7, punti=0}
2022/05/16 23:14:39 | Loggato utente: Utente{nickName=y, password=y, id=1fc73cc6-6bf2-4934-b4a5-45b2409371e7, punti=0}
2022/05/16 23:14:46 | Loggato utente: Utente{nickName=y, password=y, id=1fc73cc6-6bf2-4934-b4a5-45b2409371e7, punti=0}
2022/05/16 23:16:24 | Loggato utente: Utente{nickName=y, password=y, id=1fc73cc6-6bf2-4934-b4a5-45b2409371e7, punti=0}
2022/05/16 23:16:27 | Loggato utente: Utente{nickName=y, password=y, id=1fc73cc6-6bf2-4934-b4a5-45b2409371e7, punti=0}
2022/05/16 23:18:04 | Loggato utente: Utente{nickName=y, password=y, id=1fc73cc6-6bf2-4934-b4a5-45b2409371e7, punti=0}
2022/05/16 23:18:06 | Loggato utente: Utente{nickName=y, password=y, id=1fc73cc6-6bf2-4934-b4a5-45b2409371e7, punti=0}
2022/05/16 23:20:12 | Loggato utente: Utente{nickName=y, password=y, id=1fc73cc6-6bf2-4934-b4a5-45b2409371e7, punti=0}
2022/05/16 23:20:14 | Loggato utente: Utente{nickName=y, password=y, id=1fc73cc6-6bf2-4934-b4a5-45b2409371e7, punti=0}
2022/05/16 23:22:47 | Loggato utente: Utente{nickName=y, password=y, id=1fc73cc6-6bf2-4934-b4a5-45b2409371e7, punti=0}
2022/05/16 23:22:49 | Loggato utente: Utente{nickName=y, password=y, id=1fc73cc6-6bf2-4934-b4a5-45b2409371e7, punti=0}
2022/05/16 23:23:15 | Loggato utente: Utente{nickName=y, password=y, id=1fc73cc6-6bf2-4934-b4a5-45b2409371e7, punti=0}
2022/05/16 23:23:17 | Loggato utente: Utente{nickName=y, password=y, id=1fc73cc6-6bf2-4934-b4a5-45b2409371e7, punti=0}
2022/05/16 23:23:55 | Loggato utente: Utente{nickName=y, password=y, id=1fc73cc6-6bf2-4934-b4a5-45b2409371e7, punti=0}
2022/05/16 23:23:57 | Loggato utente: Utente{nickName=y, password=y, id=1fc73cc6-6bf2-4934-b4a5-45b2409371e7, punti=0}
2022/05/17 09:46:20 | Loggato utente: Utente{nickName=y, password=y, id=1fc73cc6-6bf2-4934-b4a5-45b2409371e7, punti=0}
2022/05/17 09:46:24 | Loggato utente: Utente{nickName=y, password=y, id=1fc73cc6-6bf2-4934-b4a5-45b2409371e7, punti=0}
2022/05/17 09:48:01 | Loggato utente: Utente{nickName=y, password=y, id=1fc73cc6-6bf2-4934-b4a5-45b2409371e7, punti=0}
2022/05/17 09:48:03 | Loggato utente: Utente{nickName=y, password=y, id=1fc73cc6-6bf2-4934-b4a5-45b2409371e7, punti=0}
2022/05/17 09:48:21 | Loggato utente: Utente{nickName=y, password=y, id=1fc73cc6-6bf2-4934-b4a5-45b2409371e7, punti=0}
2022/05/17 09:48:23 | Loggato utente: Utente{nickName=y, password=y, id=1fc73cc6-6bf2-4934-b4a5-45b2409371e7, punti=0}
2022/05/17 09:52:38 | Loggato utente: Utente{nickName=y, password=y, id=1fc73cc6-6bf2-4934-b4a5-45b2409371e7, punti=0}
2022/05/17 09:52:41 | Loggato utente: Utente{nickName=y, password=y, id=1fc73cc6-6bf2-4934-b4a5-45b2409371e7, punti=0}
2022/05/17 09:53:02 | Loggato utente: Utente{nickName=y, password=y, id=1fc73cc6-6bf2-4934-b4a5-45b2409371e7, punti=0}
2022/05/17 09:53:04 | Loggato utente: Utente{nickName=y, password=y, id=1fc73cc6-6bf2-4934-b4a5-45b2409371e7, punti=0}
2022/05/17 10:03:13 | Loggato utente: Utente{nickName=y, password=y, id=1fc73cc6-6bf2-4934-b4a5-45b2409371e7, punti=0}
2022/05/17 10:03:15 | Loggato utente: Utente{nickName=y, password=y, id=1fc73cc6-6bf2-4934-b4a5-45b2409371e7, punti=0}
2022/05/17 10:03:40 | Loggato utente: Utente{nickName=y, password=y, id=1fc73cc6-6bf2-4934-b4a5-45b2409371e7, punti=0}
2022/05/17 10:03:42 | Loggato utente: Utente{nickName=y, password=y, id=1fc73cc6-6bf2-4934-b4a5-45b2409371e7, punti=0}
2022/05/17 10:05:05 | Loggato utente: Utente{nickName=y, password=y, id=1fc73cc6-6bf2-4934-b4a5-45b2409371e7, punti=0}
2022/05/17 10:05:06 | Loggato utente: Utente{nickName=y, password=y, id=1fc73cc6-6bf2-4934-b4a5-45b2409371e7, punti=0}
2022/05/17 10:05:41 | Loggato utente: Utente{nickName=y, password=y, id=1fc73cc6-6bf2-4934-b4a5-45b2409371e7, punti=0}
2022/05/17 10:05:42 | Loggato utente: Utente{nickName=y, password=y, id=1fc73cc6-6bf2-4934-b4a5-45b2409371e7, punti=0}
2022/05/17 10:06:03 | Loggato utente: Utente{nickName=y, password=y, id=1fc73cc6-6bf2-4934-b4a5-45b2409371e7, punti=0}
2022/05/17 10:06:04 | Loggato utente: Utente{nickName=y, password=y, id=1fc73cc6-6bf2-4934-b4a5-45b2409371e7, punti=0}
2022/05/17 10:06:35 | Loggato utente: Utente{nickName=y, password=y, id=1fc73cc6-6bf2-4934-b4a5-45b2409371e7, punti=0}
2022/05/17 10:06:37 | Loggato utente: Utente{nickName=y, password=y, id=1fc73cc6-6bf2-4934-b4a5-45b2409371e7, punti=0}
2022/05/17 10:10:03 | Loggato utente: Utente{nickName=y, password=y, id=1fc73cc6-6bf2-4934-b4a5-45b2409371e7, punti=0}
2022/05/17 10:10:05 | Loggato utente: Utente{nickName=y, password=y, id=1fc73cc6-6bf2-4934-b4a5-45b2409371e7, punti=0}
2022/05/17 10:10:27 | Loggato utente: Utente{nickName=y, password=y, id=1fc73cc6-6bf2-4934-b4a5-45b2409371e7, punti=0}
2022/05/17 10:10:29 | Loggato utente: Utente{nickName=y, password=y, id=1fc73cc6-6bf2-4934-b4a5-45b2409371e7, punti=0}
2022/05/17 10:16:14 | Loggato utente: Utente{nickName=y, password=y, id=1fc73cc6-6bf2-4934-b4a5-45b2409371e7, punti=0}
2022/05/17 10:16:16 | Loggato utente: Utente{nickName=y, password=y, id=1fc73cc6-6bf2-4934-b4a5-45b2409371e7, punti=0}
2022/05/17 10:17:49 | Loggato utente: Utente{nickName=y, password=y, id=1fc73cc6-6bf2-4934-b4a5-45b2409371e7, punti=0}
2022/05/17 10:17:51 | Loggato utente: Utente{nickName=y, password=y, id=1fc73cc6-6bf2-4934-b4a5-45b2409371e7, punti=0}
2022/05/17 10:18:49 | Loggato utente: Utente{nickName=y, password=y, id=1fc73cc6-6bf2-4934-b4a5-45b2409371e7, punti=0}
2022/05/17 10:18:51 | Loggato utente: Utente{nickName=y, password=y, id=1fc73cc6-6bf2-4934-b4a5-45b2409371e7, punti=0}
2022/05/17 10:19:21 | Loggato utente: Utente{nickName=y, password=y, id=1fc73cc6-6bf2-4934-b4a5-45b2409371e7, punti=0}
2022/05/17 10:19:24 | Loggato utente: Utente{nickName=y, password=y, id=1fc73cc6-6bf2-4934-b4a5-45b2409371e7, punti=0}
2022/05/17 10:20:20 | Loggato utente: Utente{nickName=y, password=y, id=1fc73cc6-6bf2-4934-b4a5-45b2409371e7, punti=0}
2022/05/17 10:20:22 | Loggato utente: Utente{nickName=y, password=y, id=1fc73cc6-6bf2-4934-b4a5-45b2409371e7, punti=0}
2022/05/17 10:21:52 | Loggato utente: Utente{nickName=y, password=y, id=1fc73cc6-6bf2-4934-b4a5-45b2409371e7, punti=0}
2022/05/17 10:21:55 | Loggato utente: Utente{nickName=y, password=y, id=1fc73cc6-6bf2-4934-b4a5-45b2409371e7, punti=0}
2022/05/17 10:22:44 | Loggato utente: Utente{nickName=y, password=y, id=1fc73cc6-6bf2-4934-b4a5-45b2409371e7, punti=0}
2022/05/17 10:22:45 | Loggato utente: Utente{nickName=y, password=y, id=1fc73cc6-6bf2-4934-b4a5-45b2409371e7, punti=0}
2022/05/17 10:23:37 | Loggato utente: Utente{nickName=y, password=y, id=1fc73cc6-6bf2-4934-b4a5-45b2409371e7, punti=0}
2022/05/17 10:23:39 | Loggato utente: Utente{nickName=y, password=y, id=1fc73cc6-6bf2-4934-b4a5-45b2409371e7, punti=0}
2022/05/17 10:24:38 | Loggato utente: Utente{nickName=y, password=y, id=1fc73cc6-6bf2-4934-b4a5-45b2409371e7, punti=0}
2022/05/17 10:24:40 | Loggato utente: Utente{nickName=y, password=y, id=1fc73cc6-6bf2-4934-b4a5-45b2409371e7, punti=0}
2022/05/17 10:25:04 | Loggato utente: Utente{nickName=y, password=y, id=1fc73cc6-6bf2-4934-b4a5-45b2409371e7, punti=0}
2022/05/17 10:25:05 | Loggato utente: Utente{nickName=y, password=y, id=1fc73cc6-6bf2-4934-b4a5-45b2409371e7, punti=0}
2022/05/17 10:25:25 | Loggato utente: Utente{nickName=y, password=y, id=1fc73cc6-6bf2-4934-b4a5-45b2409371e7, punti=0}
2022/05/17 10:27:26 | Loggato utente: Utente{nickName=y, password=y, id=1fc73cc6-6bf2-4934-b4a5-45b2409371e7, punti=0}
2022/05/17 10:27:29 | Loggato utente: Utente{nickName=y, password=y, id=1fc73cc6-6bf2-4934-b4a5-45b2409371e7, punti=0}
2022/05/17 10:28:11 | Loggato utente: Utente{nickName=y, password=y, id=1fc73cc6-6bf2-4934-b4a5-45b2409371e7, punti=0}
2022/05/17 10:28:12 | Loggato utente: Utente{nickName=y, password=y, id=1fc73cc6-6bf2-4934-b4a5-45b2409371e7, punti=0}
2022/05/17 10:29:02 | Loggato utente: Utente{nickName=y, password=y, id=1fc73cc6-6bf2-4934-b4a5-45b2409371e7, punti=0}
2022/05/17 10:29:04 | Loggato utente: Utente{nickName=y, password=y, id=1fc73cc6-6bf2-4934-b4a5-45b2409371e7, punti=0}
2022/05/17 10:29:21 | Loggato utente: Utente{nickName=y, password=y, id=1fc73cc6-6bf2-4934-b4a5-45b2409371e7, punti=0}
2022/05/17 10:29:23 | Loggato utente: Utente{nickName=y, password=y, id=1fc73cc6-6bf2-4934-b4a5-45b2409371e7, punti=0}
2022/05/17 10:31:24 | Loggato utente: Utente{nickName=y, password=y, id=1fc73cc6-6bf2-4934-b4a5-45b2409371e7, punti=0}
2022/05/17 10:31:26 | Loggato utente: Utente{nickName=y, password=y, id=1fc73cc6-6bf2-4934-b4a5-45b2409371e7, punti=0}
2022/05/17 10:32:21 | Loggato utente: Utente{nickName=y, password=y, id=1fc73cc6-6bf2-4934-b4a5-45b2409371e7, punti=0}
2022/05/17 10:32:23 | Loggato utente: Utente{nickName=y, password=y, id=1fc73cc6-6bf2-4934-b4a5-45b2409371e7, punti=0}
2022/05/17 10:33:29 | Loggato utente: Utente{nickName=y, password=y, id=1fc73cc6-6bf2-4934-b4a5-45b2409371e7, punti=0}
2022/05/17 10:33:31 | Loggato utente: Utente{nickName=y, password=y, id=1fc73cc6-6bf2-4934-b4a5-45b2409371e7, punti=0}
2022/05/17 10:33:51 | Loggato utente: Utente{nickName=y, password=y, id=1fc73cc6-6bf2-4934-b4a5-45b2409371e7, punti=0}
2022/05/17 10:33:52 | Loggato utente: Utente{nickName=y, password=y, id=1fc73cc6-6bf2-4934-b4a5-45b2409371e7, punti=0}
2022/05/17 10:35:56 | Loggato utente: Utente{nickName=y, password=y, id=1fc73cc6-6bf2-4934-b4a5-45b2409371e7, punti=0}
2022/05/17 10:35:57 | Loggato utente: Utente{nickName=y, password=y, id=1fc73cc6-6bf2-4934-b4a5-45b2409371e7, punti=0}
2022/05/17 10:37:02 | Loggato utente: Utente{nickName=y, password=y, id=1fc73cc6-6bf2-4934-b4a5-45b2409371e7, punti=0}
2022/05/17 10:37:03 | Loggato utente: Utente{nickName=y, password=y, id=1fc73cc6-6bf2-4934-b4a5-45b2409371e7, punti=0}
2022/05/17 10:37:26 | Loggato utente: Utente{nickName=y, password=y, id=1fc73cc6-6bf2-4934-b4a5-45b2409371e7, punti=0}
2022/05/17 10:37:28 | Loggato utente: Utente{nickName=y, password=y, id=1fc73cc6-6bf2-4934-b4a5-45b2409371e7, punti=0}
2022/05/17 10:37:46 | Loggato utente: Utente{nickName=y, password=y, id=1fc73cc6-6bf2-4934-b4a5-45b2409371e7, punti=0}
2022/05/17 10:37:48 | Loggato utente: Utente{nickName=y, password=y, id=1fc73cc6-6bf2-4934-b4a5-45b2409371e7, punti=0}
2022/05/17 10:38:16 | Loggato utente: Utente{nickName=y, password=y, id=1fc73cc6-6bf2-4934-b4a5-45b2409371e7, punti=0}
2022/05/17 10:38:17 | Loggato utente: Utente{nickName=y, password=y, id=1fc73cc6-6bf2-4934-b4a5-45b2409371e7, punti=0}
2022/05/17 10:38:32 | Loggato utente: Utente{nickName=y, password=y, id=1fc73cc6-6bf2-4934-b4a5-45b2409371e7, punti=0}
2022/05/17 10:38:33 | Loggato utente: Utente{nickName=y, password=y, id=1fc73cc6-6bf2-4934-b4a5-45b2409371e7, punti=0}
2022/05/17 10:38:45 | Loggato utente: Utente{nickName=y, password=y, id=1fc73cc6-6bf2-4934-b4a5-45b2409371e7, punti=0}
2022/05/17 10:38:46 | Loggato utente: Utente{nickName=y, password=y, id=1fc73cc6-6bf2-4934-b4a5-45b2409371e7, punti=0}
2022/05/17 10:40:06 | Loggato utente: Utente{nickName=y, password=y, id=1fc73cc6-6bf2-4934-b4a5-45b2409371e7, punti=0}
2022/05/17 10:40:07 | Loggato utente: Utente{nickName=y, password=y, id=1fc73cc6-6bf2-4934-b4a5-45b2409371e7, punti=0}
2022/05/17 10:40:26 | Loggato utente: Utente{nickName=y, password=y, id=1fc73cc6-6bf2-4934-b4a5-45b2409371e7, punti=0}
2022/05/17 10:40:27 | Loggato utente: Utente{nickName=y, password=y, id=1fc73cc6-6bf2-4934-b4a5-45b2409371e7, punti=0}
2022/05/17 10:40:39 | Loggato utente: Utente{nickName=y, password=y, id=1fc73cc6-6bf2-4934-b4a5-45b2409371e7, punti=0}
2022/05/17 10:40:41 | Loggato utente: Utente{nickName=y, password=y, id=1fc73cc6-6bf2-4934-b4a5-45b2409371e7, punti=0}
2022/05/17 10:40:58 | Loggato utente: Utente{nickName=y, password=y, id=1fc73cc6-6bf2-4934-b4a5-45b2409371e7, punti=0}
2022/05/17 10:40:59 | Loggato utente: Utente{nickName=y, password=y, id=1fc73cc6-6bf2-4934-b4a5-45b2409371e7, punti=0}
2022/05/17 10:50:21 | Loggato utente: Utente{nickName=y, password=y, id=1fc73cc6-6bf2-4934-b4a5-45b2409371e7, punti=0}
2022/05/17 10:50:22 | Loggato utente: Utente{nickName=y, password=y, id=1fc73cc6-6bf2-4934-b4a5-45b2409371e7, punti=0}
2022/05/17 10:51:25 | Loggato utente: Utente{nickName=y, password=y, id=1fc73cc6-6bf2-4934-b4a5-45b2409371e7, punti=0}
2022/05/17 10:51:26 | Loggato utente: Utente{nickName=y, password=y, id=1fc73cc6-6bf2-4934-b4a5-45b2409371e7, punti=0}
2022/05/17 10:52:21 | Loggato utente: Utente{nickName=y, password=y, id=1fc73cc6-6bf2-4934-b4a5-45b2409371e7, punti=0}
2022/05/17 10:52:22 | Loggato utente: Utente{nickName=y, password=y, id=1fc73cc6-6bf2-4934-b4a5-45b2409371e7, punti=0}
2022/05/17 10:53:52 | Loggato utente: Utente{nickName=y, password=y, id=1fc73cc6-6bf2-4934-b4a5-45b2409371e7, punti=0}
2022/05/17 10:53:54 | Loggato utente: Utente{nickName=y, password=y, id=1fc73cc6-6bf2-4934-b4a5-45b2409371e7, punti=0}
2022/05/17 10:54:30 | Loggato utente: Utente{nickName=y, password=y, id=1fc73cc6-6bf2-4934-b4a5-45b2409371e7, punti=0}
2022/05/17 10:54:31 | Loggato utente: Utente{nickName=y, password=y, id=1fc73cc6-6bf2-4934-b4a5-45b2409371e7, punti=0}
2022/05/17 10:54:51 | Loggato utente: Utente{nickName=y, password=y, id=1fc73cc6-6bf2-4934-b4a5-45b2409371e7, punti=0}
2022/05/17 10:54:52 | Loggato utente: Utente{nickName=y, password=y, id=1fc73cc6-6bf2-4934-b4a5-45b2409371e7, punti=0}
2022/05/17 10:55:02 | Loggato utente: Utente{nickName=y, password=y, id=1fc73cc6-6bf2-4934-b4a5-45b2409371e7, punti=0}
2022/05/17 10:55:03 | Loggato utente: Utente{nickName=y, password=y, id=1fc73cc6-6bf2-4934-b4a5-45b2409371e7, punti=0}
2022/05/17 10:55:11 | Loggato utente: Utente{nickName=y, password=y, id=1fc73cc6-6bf2-4934-b4a5-45b2409371e7, punti=0}
2022/05/17 10:55:12 | Loggato utente: Utente{nickName=y, password=y, id=1fc73cc6-6bf2-4934-b4a5-45b2409371e7, punti=0}
2022/05/17 10:55:52 | Loggato utente: Utente{nickName=y, password=y, id=1fc73cc6-6bf2-4934-b4a5-45b2409371e7, punti=0}
2022/05/17 10:55:54 | Loggato utente: Utente{nickName=y, password=y, id=1fc73cc6-6bf2-4934-b4a5-45b2409371e7, punti=0}
2022/05/17 10:57:10 | Loggato utente: Utente{nickName=y, password=y, id=1fc73cc6-6bf2-4934-b4a5-45b2409371e7, punti=0}
2022/05/17 10:57:11 | Loggato utente: Utente{nickName=y, password=y, id=1fc73cc6-6bf2-4934-b4a5-45b2409371e7, punti=0}
2022/05/17 10:57:41 | Loggato utente: Utente{nickName=y, password=y, id=1fc73cc6-6bf2-4934-b4a5-45b2409371e7, punti=0}
2022/05/17 10:57:43 | Loggato utente: Utente{nickName=y, password=y, id=1fc73cc6-6bf2-4934-b4a5-45b2409371e7, punti=0}
2022/05/17 10:59:00 | Loggato utente: Utente{nickName=y, password=y, id=1fc73cc6-6bf2-4934-b4a5-45b2409371e7, punti=0}
2022/05/17 10:59:02 | Loggato utente: Utente{nickName=y, password=y, id=1fc73cc6-6bf2-4934-b4a5-45b2409371e7, punti=0}
2022/05/17 10:59:34 | Loggato utente: Utente{nickName=y, password=y, id=1fc73cc6-6bf2-4934-b4a5-45b2409371e7, punti=0}
2022/05/17 10:59:35 | Loggato utente: Utente{nickName=y, password=y, id=1fc73cc6-6bf2-4934-b4a5-45b2409371e7, punti=0}
2022/05/17 11:00:11 | Loggato utente: Utente{nickName=y, password=y, id=1fc73cc6-6bf2-4934-b4a5-45b2409371e7, punti=0}
2022/05/17 11:00:12 | Loggato utente: Utente{nickName=y, password=y, id=1fc73cc6-6bf2-4934-b4a5-45b2409371e7, punti=0}
2022/05/17 11:00:26 | Loggato utente: Utente{nickName=y, password=y, id=1fc73cc6-6bf2-4934-b4a5-45b2409371e7, punti=0}
2022/05/17 11:00:27 | Loggato utente: Utente{nickName=y, password=y, id=1fc73cc6-6bf2-4934-b4a5-45b2409371e7, punti=0}
2022/05/17 11:00:47 | Loggato utente: Utente{nickName=y, password=y, id=1fc73cc6-6bf2-4934-b4a5-45b2409371e7, punti=0}
2022/05/17 11:00:48 | Loggato utente: Utente{nickName=y, password=y, id=1fc73cc6-6bf2-4934-b4a5-45b2409371e7, punti=0}
2022/05/17 11:02:03 | Loggato utente: Utente{nickName=y, password=y, id=1fc73cc6-6bf2-4934-b4a5-45b2409371e7, punti=0}
2022/05/17 11:02:05 | Loggato utente: Utente{nickName=y, password=y, id=1fc73cc6-6bf2-4934-b4a5-45b2409371e7, punti=0}
